<?xml version="1.0" encoding="UTF-8"?>
<!-- Generated by org.testng.reporters.JUnitReportReporter -->
<testsuite hostname="DESKTOP-HIVJLEA" failures="0" tests="1" name="collabera.LongPressGesture" time="8.585" errors="0" timestamp="2023-10-21T22:32:55 IST" skipped="0">
  <testcase classname="collabera.LongPressGesture" name="longPress" time="8.585"/>
  <system-out/>
</testsuite> <!-- collabera.LongPressGesture -->
