<?xml version="1.0" encoding="UTF-8"?>
<!-- Generated by org.testng.reporters.JUnitReportReporter -->
<testsuite hostname="COLLABPH1002987" failures="0" tests="1" name="collabera.LongPressGesture" time="6.731" errors="0" timestamp="2023-10-24T12:02:01 CST" skipped="0">
  <testcase classname="collabera.LongPressGesture" name="longPress" time="6.731"/>
  <system-out/>
</testsuite> <!-- collabera.LongPressGesture -->
