<?xml version="1.0" encoding="UTF-8"?>
<!-- Generated by org.testng.reporters.JUnitReportReporter -->
<testsuite hostname="COLLABPH1002987" failures="0" tests="1" name="collabera.LongPressGesture" time="6.874" errors="0" timestamp="2023-10-25T10:06:18 CST" skipped="0">
  <testcase classname="collabera.LongPressGesture" name="longPress" time="6.874"/>
  <system-out/>
</testsuite> <!-- collabera.LongPressGesture -->
